INPUT
Unit type : D
Company : All
Forecasting for : 8/2022
Repair rate : 0.8

OUTPUT
Units which is actually on aircraft : 432
Number of failures in 200 simulation times : [162. 167. 158. 152. 153. 144. 157. 145. 135. 157. 154. 173. 153. 151.
 137. 147. 140. 153. 169. 175. 170. 150. 149. 149. 139. 149. 162. 176.
 149. 162. 162. 154. 157. 138. 166. 128. 156. 154. 153. 143. 157. 182.
 151. 161. 147. 163. 149. 159. 154. 151. 145. 141. 173. 147. 148. 142.
 161. 158. 173. 155. 151. 150. 156. 165. 164. 141. 151. 159. 174. 160.
 170. 140. 129. 149. 168. 150. 158. 129. 142. 141. 164. 173. 129. 129.
 139. 164. 151. 153. 160. 164. 149. 150. 175. 138. 147. 158. 148. 167.
 132. 171. 144. 130. 155. 160. 163. 171. 146. 155. 157. 161. 153. 155.
 163. 154. 166. 151. 128. 162. 139. 157. 157. 150. 134. 163. 179. 161.
 150. 174. 165. 144. 153. 149. 158. 169. 162. 148. 170. 168. 161. 159.
 157. 158. 152. 157. 154. 167. 154. 129. 142. 164. 169. 159. 154. 157.
 151. 156. 156. 151. 162. 158. 152. 144. 168. 166. 170. 163. 145. 165.
 170. 164. 155. 140. 148. 155. 147. 169. 176. 189. 169. 164. 152. 164.
 150. 156. 169. 160. 168. 150. 163. 157. 129. 158. 150. 154. 158. 150.
 153. 152. 155. 122.]
Number of failures in average : 155.1
Empirical Confidence Interval at 95.0% : (108.95,203.08)
Simulation time : 11.13 s
