INPUT
Unit type : D
Company : All
Forecasting for : 12/2022
Repair rate : 0.8

OUTPUT
Units which is actually on aircraft : 432
Number of failures in 200 simulation times : [201. 187. 189. 204. 185. 170. 201. 167. 200. 194. 161. 205. 193. 185.
 206. 179. 187. 164. 182. 179. 166. 195. 200. 191. 178. 209. 215. 171.
 174. 189. 186. 194. 183. 168. 165. 180. 225. 195. 189. 183. 196. 193.
 214. 185. 173. 182. 185. 188. 180. 200. 204. 173. 178. 206. 188. 191.
 192. 197. 199. 195. 200. 181. 180. 171. 182. 192. 171. 192. 191. 200.
 174. 209. 175. 205. 179. 176. 217. 174. 213. 208. 186. 198. 198. 180.
 187. 170. 200. 183. 179. 189. 181. 222. 180. 191. 178. 192. 186. 186.
 196. 190. 190. 184. 188. 195. 182. 200. 189. 198. 175. 198. 188. 199.
 218. 176. 191. 188. 162. 192. 185. 176. 183. 186. 195. 213. 175. 192.
 183. 198. 189. 204. 172. 183. 202. 202. 170. 189. 197. 192. 193. 167.
 211. 178. 179. 175. 184. 183. 181. 205. 206. 177. 222. 177. 183. 176.
 193. 199. 173. 171. 223. 180. 192. 185. 178. 187. 181. 180. 198. 187.
 180. 188. 198. 208. 189. 185. 185. 195. 190. 199. 193. 203. 182. 182.
 187. 189. 201. 188. 185. 175. 188. 193. 222. 187. 189. 184. 192. 161.
 200. 193. 200. 188.]
Number of failures in average : 189.0
Empirical Confidence Interval at 95.0% : (142.9,246.05)
Simulation time : 6.66 s
