INPUT
Unit type : E
Company : All
Forecasting for : 8/2022
Repair rate : 0.8

OUTPUT
Units which is actually on aircraft : 29
Number of failures in 200 simulation times : [11. 22. 17. 13. 21. 23. 15. 22. 17. 18. 19. 20. 17. 11. 26. 20. 12. 13.
 15. 19. 16. 15. 13. 24. 15. 22. 19. 18. 22. 11. 13. 12. 18. 18. 20. 16.
 19. 18. 15. 12. 16. 13. 16. 12. 21. 17. 21. 16. 22. 14. 16. 21. 22. 14.
 22. 20. 19. 19. 19. 18. 12. 20. 18. 11. 21. 21. 23. 16. 13.  8.  6. 22.
 21. 21. 16. 21. 15. 14. 20. 21. 15. 19. 18. 15. 14. 18. 17. 14. 17. 20.
 21. 21.  8. 24. 14. 16. 21. 20. 13. 13. 23.  8. 21. 23. 21. 17. 22. 14.
 19. 21. 10. 16. 26. 17. 19. 17. 20. 14. 26. 17. 23. 12. 17. 16. 16. 21.
 18. 21. 11. 22. 21. 19. 22. 11. 19. 17. 18. 16. 18. 28. 18. 21. 12. 19.
 27. 17. 18. 15. 18. 17. 16. 18. 19. 16. 15. 12. 13. 20. 19. 20. 11. 15.
 17. 10. 10. 16. 11. 26. 23. 13.  9. 22. 20. 14. 27. 17. 22. 13. 14. 13.
 20. 21. 14. 14. 19. 22. 18. 24. 19. 22. 26. 14. 11. 19. 22. 16. 22. 24.
 17. 10.]
Number of failures in average : 17.5
Empirical Confidence Interval at 95.0% : (6.0,31.025000000000006)
Simulation time : 1.11 s
