INPUT
Unit type : D
Company : All
Forecasting for : 8/2025
Repair rate : 0.8

OUTPUT
Units which is actually on aircraft : 432
Number of failures in 200 simulation times : [411. 430. 390. 407. 383. 374. 409. 434. 412. 405. 418. 400. 430. 424.
 378. 419. 421. 434. 394. 401. 403. 398. 420. 423. 418. 395. 389. 422.
 407. 406. 437. 380. 432. 436. 432. 409. 414. 390. 392. 406. 429. 400.
 403. 435. 427. 413. 389. 386. 413. 406. 368. 393. 417. 399. 418. 406.
 399. 432. 411. 433. 398. 411. 391. 428. 411. 420. 415. 450. 400. 426.
 406. 407. 406. 397. 375. 379. 433. 413. 399. 422. 414. 405. 378. 421.
 422. 437. 410. 422. 417. 405. 406. 428. 387. 411. 423. 399. 420. 409.
 414. 407. 407. 395. 410. 385. 393. 381. 367. 401. 403. 407. 429. 398.
 397. 394. 420. 387. 426. 380. 432. 422. 410. 439. 422. 406. 410. 396.
 386. 387. 379. 396. 433. 424. 411. 402. 398. 402. 378. 375. 377. 392.
 424. 394. 399. 453. 413. 377. 436. 400. 400. 412. 413. 420. 390. 421.
 410. 396. 391. 391. 417. 389. 398. 406. 433. 404. 405. 412. 445. 386.
 364. 391. 399. 388. 412. 406. 407. 398. 408. 406. 419. 440. 401. 368.
 382. 413. 377. 414. 404. 397. 434. 419. 418. 405. 427. 380. 398. 412.
 406. 448. 410. 399.]
Number of failures in average : 407.1
Empirical Confidence Interval at 95.0% : (333.975,482.07500000000005)
Simulation time : 9.57 s
