INPUT
Unit type : D
Company : All
Forecasting for : 6/2025
Repair rate : 0.8

OUTPUT
Units which is actually on aircraft : 432
Number of failures in 1000 simulation times : [395. 400. 393. 421. 386. 387. 382. 408. 376. 413. 403. 391. 397. 384.
 384. 352. 363. 396. 424. 411. 405. 395. 404. 379. 420. 408. 406. 404.
 396. 380. 393. 391. 427. 378. 421. 411. 424. 437. 400. 395. 399. 434.
 396. 402. 410. 423. 411. 410. 399. 402. 415. 387. 377. 376. 421. 395.
 443. 440. 390. 395. 435. 403. 398. 399. 378. 372. 389. 414. 386. 394.
 399. 400. 409. 421. 399. 406. 411. 407. 402. 410. 408. 375. 406. 411.
 384. 410. 390. 405. 420. 389. 394. 393. 385. 411. 382. 410. 403. 395.
 397. 407. 396. 364. 356. 392. 398. 393. 372. 426. 382. 379. 434. 362.
 397. 399. 404. 369. 387. 418. 397. 392. 382. 390. 398. 385. 417. 393.
 392. 426. 390. 413. 371. 389. 391. 367. 370. 430. 396. 414. 394. 404.
 404. 376. 382. 395. 397. 378. 409. 444. 407. 370. 397. 391. 392. 392.
 399. 384. 360. 405. 367. 385. 410. 410. 393. 398. 388. 414. 399. 381.
 387. 423. 407. 379. 395. 376. 392. 406. 393. 395. 395. 377. 395. 395.
 409. 346. 387. 383. 403. 405. 370. 413. 385. 391. 409. 428. 404. 365.
 410. 411. 440. 410. 424. 411. 415. 437. 396. 388. 404. 377. 400. 375.
 382. 371. 399. 405. 397. 424. 416. 393. 389. 398. 369. 417. 424. 403.
 392. 374. 398. 383. 385. 412. 398. 399. 411. 379. 402. 384. 388. 393.
 398. 397. 415. 408. 378. 379. 414. 402. 385. 401. 380. 386. 415. 398.
 386. 416. 416. 387. 396. 391. 397. 351. 409. 401. 350. 387. 386. 398.
 405. 413. 418. 411. 366. 376. 406. 395. 413. 422. 429. 432. 402. 403.
 416. 386. 375. 383. 407. 410. 396. 429. 404. 466. 366. 393. 424. 362.
 383. 388. 390. 393. 409. 395. 383. 400. 416. 414. 413. 433. 414. 404.
 371. 371. 392. 363. 402. 413. 396. 398. 413. 399. 405. 391. 424. 405.
 394. 406. 425. 372. 369. 386. 415. 403. 384. 415. 404. 405. 403. 398.
 380. 340. 368. 389. 410. 417. 413. 416. 370. 424. 401. 400. 407. 388.
 422. 350. 387. 379. 393. 397. 438. 443. 386. 376. 408. 402. 414. 398.
 372. 408. 378. 400. 376. 411. 392. 415. 408. 387. 388. 399. 377. 421.
 391. 421. 393. 402. 415. 408. 391. 419. 409. 398. 405. 400. 394. 369.
 410. 398. 397. 381. 453. 412. 371. 407. 407. 405. 431. 383. 443. 426.
 415. 378. 403. 402. 386. 425. 419. 389. 425. 394. 453. 421. 422. 381.
 398. 420. 414. 397. 387. 435. 406. 398. 425. 400. 387. 395. 411. 393.
 378. 371. 391. 404. 387. 405. 396. 415. 385. 392. 399. 399. 398. 405.
 372. 400. 387. 364. 378. 393. 415. 371. 409. 439. 381. 404. 389. 433.
 383. 390. 404. 379. 437. 387. 398. 402. 393. 383. 414. 384. 420. 421.
 368. 401. 401. 367. 407. 415. 395. 381. 438. 400. 398. 376. 382. 380.
 369. 407. 396. 406. 406. 373. 372. 407. 389. 390. 388. 395. 450. 400.
 374. 422. 413. 426. 382. 375. 386. 444. 399. 395. 357. 425. 392. 442.
 396. 414. 416. 408. 401. 396. 404. 400. 413. 394. 387. 407. 378. 398.
 421. 416. 363. 396. 383. 443. 404. 396. 392. 417. 392. 406. 427. 387.
 405. 363. 393. 401. 420. 381. 389. 359. 394. 399. 395. 403. 370. 396.
 413. 401. 392. 407. 411. 416. 390. 407. 382. 401. 392. 381. 372. 391.
 373. 384. 384. 373. 411. 398. 394. 364. 408. 408. 398. 423. 385. 381.
 368. 417. 392. 379. 347. 416. 385. 409. 378. 396. 398. 384. 395. 434.
 400. 409. 387. 430. 428. 421. 362. 426. 423. 416. 405. 413. 386. 402.
 386. 361. 384. 359. 381. 372. 392. 388. 391. 377. 396. 388. 401. 388.
 412. 366. 399. 398. 415. 407. 435. 416. 383. 395. 379. 370. 380. 402.
 415. 385. 388. 385. 355. 400. 405. 391. 360. 429. 389. 387. 398. 392.
 383. 403. 418. 364. 360. 389. 381. 377. 394. 390. 393. 364. 392. 393.
 361. 399. 396. 385. 409. 392. 409. 394. 406. 415. 370. 384. 398. 378.
 405. 404. 353. 392. 435. 411. 398. 383. 380. 413. 376. 420. 395. 400.
 415. 401. 381. 410. 388. 400. 385. 422. 440. 410. 398. 395. 383. 400.
 375. 370. 376. 396. 369. 379. 386. 359. 406. 394. 405. 396. 396. 406.
 381. 392. 391. 411. 430. 391. 401. 406. 422. 419. 387. 400. 396. 398.
 398. 402. 406. 365. 421. 378. 406. 394. 411. 385. 420. 381. 406. 386.
 357. 404. 385. 408. 419. 402. 376. 419. 412. 369. 401. 396. 410. 397.
 400. 400. 395. 385. 417. 357. 396. 366. 395. 424. 394. 415. 405. 439.
 414. 411. 414. 400. 389. 377. 376. 390. 387. 402. 385. 386. 373. 398.
 405. 396. 376. 428. 405. 393. 402. 368. 387. 358. 404. 408. 388. 391.
 390. 384. 388. 400. 406. 381. 385. 383. 370. 420. 390. 413. 387. 412.
 422. 402. 384. 404. 380. 378. 381. 385. 394. 387. 383. 393. 413. 389.
 403. 396. 404. 362. 415. 342. 382. 434. 378. 373. 392. 424. 404. 395.
 381. 412. 371. 407. 381. 398. 405. 381. 390. 386. 407. 412. 412. 386.
 356. 405. 424. 389. 432. 399. 392. 389. 418. 403. 381. 376. 374. 387.
 397. 379. 382. 407. 404. 381. 389. 379. 365. 405. 377. 362. 402. 419.
 395. 409. 367. 387. 387. 399. 394. 396. 417. 418. 397. 421. 373. 390.
 389. 378. 399. 382. 377. 409. 399. 404. 371. 376. 402. 388. 382. 420.
 429. 385. 395. 376. 390. 368. 380. 414. 436. 380. 414. 391. 403. 418.
 384. 416. 385. 417. 392. 413. 360. 413. 411. 377. 402. 393. 401. 383.
 381. 375. 408. 418. 390. 368. 408. 387. 362. 426. 408. 408. 386. 353.
 414. 403. 386. 419. 398. 400. 409. 394. 363. 399. 396. 418. 401. 413.
 417. 409. 408. 428. 387. 384. 383. 410. 399. 421. 397. 416. 395. 413.
 378. 397. 404. 381. 406. 390.]
Number of failures in average : 396.9
Empirical Confidence Interval at 95.0% : (324.0,471.0)
Simulation time : 43.48 s
