INPUT
Unit type : D
Company : All
Forecasting for : 6/2025
Repair rate : 0.8

OUTPUT
Units which is actually on aircraft : 432
Number of failures in 1000 simulation times : [422. 408. 400. 373. 400. 427. 432. 388. 364. 414. 384. 371. 410. 424.
 403. 429. 388. 426. 413. 418. 387. 387. 377. 422. 380. 368. 381. 378.
 395. 419. 412. 403. 403. 384. 369. 379. 409. 388. 370. 382. 381. 387.
 415. 417. 384. 417. 390. 415. 399. 408. 407. 405. 371. 406. 390. 381.
 399. 419. 394. 393. 420. 400. 408. 383. 398. 417. 400. 411. 427. 391.
 403. 362. 399. 399. 373. 385. 381. 416. 388. 383. 396. 406. 418. 407.
 393. 411. 411. 387. 402. 404. 412. 389. 400. 390. 397. 450. 386. 390.
 398. 406. 369. 400. 384. 424. 400. 367. 397. 400. 405. 396. 369. 389.
 419. 382. 383. 399. 382. 386. 395. 377. 388. 419. 442. 378. 413. 394.
 399. 417. 410. 388. 398. 393. 389. 375. 378. 422. 423. 400. 360. 373.
 369. 443. 393. 415. 401. 405. 402. 430. 393. 394. 384. 372. 411. 410.
 397. 403. 388. 361. 435. 411. 403. 390. 415. 401. 400. 405. 389. 399.
 385. 393. 405. 394. 394. 366. 415. 393. 396. 400. 350. 425. 393. 398.
 406. 370. 382. 410. 413. 428. 411. 428. 412. 401. 406. 396. 403. 407.
 426. 375. 403. 395. 403. 384. 351. 391. 382. 369. 390. 408. 372. 427.
 395. 393. 409. 390. 398. 387. 371. 406. 372. 397. 408. 387. 412. 404.
 383. 403. 427. 400. 387. 381. 452. 411. 420. 459. 401. 416. 404. 409.
 384. 423. 404. 448. 383. 389. 399. 375. 427. 401. 385. 383. 388. 407.
 391. 401. 396. 412. 387. 412. 424. 375. 400. 410. 385. 390. 395. 401.
 386. 376. 374. 402. 342. 401. 424. 418. 384. 355. 401. 421. 394. 385.
 420. 410. 344. 398. 403. 424. 413. 403. 411. 384. 384. 405. 426. 405.
 404. 400. 411. 402. 380. 427. 421. 412. 409. 382. 373. 421. 405. 371.
 387. 400. 378. 398. 386. 406. 373. 388. 391. 382. 401. 407. 375. 390.
 413. 403. 409. 388. 409. 373. 397. 377. 369. 402. 376. 399. 407. 416.
 419. 419. 410. 378. 400. 400. 415. 407. 407. 392. 394. 392. 380. 417.
 406. 378. 376. 407. 376. 419. 409. 394. 413. 369. 401. 406. 367. 422.
 373. 400. 366. 407. 405. 405. 412. 347. 398. 368. 393. 410. 400. 419.
 437. 384. 424. 420. 388. 391. 383. 406. 396. 373. 407. 377. 441. 410.
 399. 398. 406. 392. 410. 414. 397. 388. 412. 399. 398. 402. 412. 395.
 394. 417. 384. 391. 400. 387. 421. 391. 401. 399. 402. 378. 380. 388.
 400. 379. 361. 398. 358. 436. 401. 416. 423. 398. 376. 416. 439. 382.
 422. 366. 367. 402. 396. 439. 403. 405. 395. 410. 351. 380. 371. 381.
 377. 407. 386. 415. 387. 388. 424. 373. 400. 385. 413. 404. 345. 415.
 417. 399. 389. 396. 390. 408. 411. 403. 403. 389. 431. 392. 382. 409.
 366. 419. 408. 363. 398. 410. 406. 362. 381. 404. 375. 396. 419. 369.
 422. 405. 402. 421. 403. 373. 415. 403. 410. 381. 369. 372. 389. 389.
 377. 376. 425. 418. 421. 416. 396. 395. 393. 427. 372. 418. 388. 392.
 386. 425. 378. 395. 379. 402. 395. 416. 420. 435. 401. 415. 375. 408.
 410. 383. 408. 379. 377. 374. 404. 399. 420. 396. 425. 407. 405. 386.
 385. 383. 391. 378. 383. 389. 381. 398. 382. 386. 403. 411. 390. 403.
 404. 391. 409. 412. 377. 386. 416. 365. 407. 401. 390. 391. 420. 408.
 404. 413. 376. 416. 419. 393. 417. 392. 420. 368. 390. 388. 413. 442.
 403. 427. 382. 376. 389. 393. 367. 388. 405. 389. 390. 382. 396. 384.
 382. 392. 413. 389. 357. 405. 386. 382. 386. 378. 404. 386. 389. 396.
 419. 379. 395. 424. 384. 396. 401. 407. 403. 420. 394. 402. 367. 399.
 401. 393. 405. 409. 403. 384. 413. 366. 381. 390. 394. 429. 403. 385.
 386. 389. 408. 410. 375. 391. 397. 418. 416. 400. 402. 398. 364. 398.
 399. 430. 398. 411. 400. 427. 399. 385. 438. 413. 409. 423. 417. 421.
 381. 405. 399. 371. 386. 397. 414. 387. 392. 384. 384. 390. 415. 389.
 380. 415. 394. 398. 415. 366. 410. 383. 423. 348. 389. 413. 402. 402.
 417. 383. 380. 381. 398. 401. 384. 378. 418. 400. 385. 393. 389. 384.
 401. 403. 387. 405. 407. 415. 401. 411. 371. 406. 366. 379. 399. 386.
 384. 392. 425. 411. 415. 380. 371. 385. 393. 409. 383. 384. 385. 414.
 421. 390. 389. 400. 374. 389. 421. 376. 435. 401. 418. 387. 400. 407.
 400. 393. 427. 393. 394. 391. 393. 388. 406. 404. 385. 388. 411. 388.
 434. 393. 406. 397. 391. 385. 424. 384. 422. 421. 376. 392. 385. 401.
 386. 391. 413. 395. 365. 367. 416. 399. 375. 407. 378. 406. 424. 395.
 387. 401. 391. 390. 400. 372. 408. 379. 363. 370. 372. 400. 398. 374.
 393. 425. 401. 419. 412. 396. 391. 406. 413. 431. 407. 405. 397. 377.
 412. 359. 410. 389. 415. 396. 415. 381. 425. 402. 410. 391. 422. 381.
 402. 382. 404. 404. 378. 376. 385. 382. 426. 399. 395. 387. 370. 408.
 400. 412. 379. 393. 389. 365. 426. 356. 408. 404. 386. 382. 374. 380.
 381. 402. 387. 386. 370. 419. 420. 363. 422. 389. 375. 394. 408. 384.
 389. 429. 370. 415. 409. 383. 408. 408. 372. 390. 367. 374. 366. 411.
 420. 410. 399. 380. 392. 353. 426. 421. 387. 367. 386. 391. 421. 378.
 421. 424. 395. 418. 399. 395. 375. 395. 378. 402. 404. 401. 392. 373.
 423. 405. 417. 378. 427. 408. 377. 380. 398. 357. 374. 387. 415. 407.
 406. 430. 432. 405. 381. 372. 424. 391. 412. 404. 404. 396. 391. 414.
 395. 418. 401. 383. 423. 406. 378. 389. 381. 390. 413. 420. 415. 403.
 394. 410. 409. 382. 403. 377. 392. 416. 418. 387. 384. 429. 369. 377.
 406. 401. 408. 416. 423. 420. 393. 395. 411. 426. 390. 402. 421. 374.
 397. 383. 399. 411. 410. 403.]
Number of failures in average : 397.4
Empirical Confidence Interval at 95.0% : (323.0,474.0)
Simulation time : 57.68 s
