INPUT
Unit type : D
Company : All
Forecasting for : 6/2025
Repair rate : 0.8

OUTPUT
Units which is actually on aircraft : 432
Number of failures in 1000 simulation times : [387. 391. 401. 403. 385. 405. 408. 385. 395. 388. 386. 387. 405. 386.
 407. 364. 406. 411. 428. 431. 399. 374. 416. 380. 354. 386. 380. 380.
 361. 430. 385. 424. 377. 389. 410. 371. 408. 388. 414. 363. 382. 398.
 382. 402. 378. 380. 422. 416. 398. 390. 397. 380. 431. 400. 401. 407.
 360. 382. 380. 381. 387. 393. 386. 395. 400. 391. 414. 377. 394. 401.
 416. 371. 411. 376. 392. 398. 382. 405. 376. 406. 379. 381. 418. 415.
 370. 380. 380. 405. 384. 382. 384. 409. 404. 393. 406. 381. 369. 396.
 374. 396. 370. 390. 380. 409. 416. 377. 390. 376. 391. 399. 399. 408.
 427. 395. 377. 397. 393. 362. 380. 447. 415. 367. 381. 396. 415. 409.
 398. 399. 407. 395. 416. 387. 411. 431. 371. 400. 377. 378. 399. 355.
 391. 409. 412. 366. 386. 408. 392. 415. 407. 401. 405. 390. 416. 393.
 399. 426. 394. 414. 400. 420. 425. 392. 386. 393. 411. 407. 402. 422.
 429. 397. 356. 399. 415. 387. 389. 385. 384. 385. 402. 401. 386. 384.
 411. 414. 416. 398. 382. 412. 402. 411. 378. 427. 384. 421. 378. 443.
 391. 412. 355. 429. 371. 359. 389. 414. 387. 407. 399. 436. 394. 406.
 404. 386. 384. 408. 406. 409. 415. 394. 375. 383. 379. 405. 380. 384.
 391. 391. 399. 391. 437. 392. 372. 437. 383. 389. 415. 390. 419. 358.
 390. 406. 417. 402. 409. 407. 402. 413. 407. 392. 388. 418. 387. 413.
 407. 384. 388. 397. 381. 397. 387. 393. 427. 428. 395. 379. 386. 421.
 407. 382. 381. 418. 394. 394. 412. 388. 411. 397. 416. 401. 421. 350.
 425. 391. 409. 413. 405. 382. 394. 393. 392. 421. 387. 407. 400. 389.
 397. 406. 404. 382. 410. 382. 405. 401. 408. 375. 402. 419. 379. 410.
 380. 413. 414. 421. 376. 404. 371. 398. 426. 393. 393. 424. 397. 411.
 389. 374. 393. 393. 395. 383. 395. 400. 405. 371. 437. 391. 364. 411.
 366. 381. 408. 421. 404. 385. 384. 393. 411. 375. 377. 389. 399. 399.
 387. 399. 407. 415. 414. 411. 414. 405. 384. 390. 400. 392. 392. 429.
 409. 404. 400. 413. 388. 379. 407. 384. 392. 416. 394. 394. 370. 411.
 382. 401. 394. 416. 409. 360. 385. 406. 402. 404. 415. 373. 418. 374.
 433. 391. 398. 416. 391. 401. 374. 400. 366. 399. 403. 387. 412. 408.
 390. 389. 403. 387. 374. 400. 397. 417. 389. 392. 375. 349. 374. 445.
 403. 412. 404. 418. 402. 381. 400. 407. 385. 405. 383. 387. 390. 410.
 356. 362. 399. 396. 384. 388. 389. 412. 392. 417. 408. 409. 404. 417.
 400. 367. 391. 369. 398. 370. 438. 408. 393. 390. 374. 414. 441. 387.
 426. 412. 384. 422. 422. 399. 378. 404. 437. 403. 443. 395. 428. 430.
 399. 409. 392. 403. 406. 402. 384. 401. 421. 406. 378. 403. 395. 398.
 411. 393. 392. 377. 406. 386. 386. 405. 394. 406. 399. 420. 399. 388.
 407. 427. 382. 407. 407. 366. 396. 396. 410. 394. 391. 417. 409. 409.
 361. 414. 395. 412. 397. 425. 399. 368. 385. 408. 407. 416. 379. 398.
 423. 389. 383. 394. 397. 383. 358. 404. 374. 410. 390. 378. 366. 376.
 362. 390. 394. 410. 367. 401. 408. 368. 368. 367. 406. 386. 408. 418.
 417. 414. 400. 400. 368. 393. 409. 383. 377. 382. 390. 398. 387. 390.
 401. 403. 372. 370. 393. 397. 411. 399. 388. 397. 400. 426. 389. 408.
 408. 399. 377. 399. 416. 394. 414. 406. 413. 392. 397. 410. 393. 382.
 404. 407. 407. 362. 436. 397. 437. 401. 394. 388. 404. 412. 405. 417.
 425. 385. 388. 380. 429. 390. 389. 388. 426. 413. 394. 367. 393. 394.
 403. 397. 431. 418. 407. 417. 377. 400. 373. 420. 385. 375. 428. 439.
 430. 398. 376. 418. 367. 410. 381. 408. 404. 391. 405. 413. 399. 392.
 391. 393. 363. 391. 391. 389. 401. 389. 404. 392. 392. 409. 433. 387.
 362. 406. 390. 420. 399. 371. 387. 403. 405. 388. 397. 388. 421. 360.
 367. 396. 404. 383. 411. 368. 376. 401. 377. 395. 363. 415. 418. 380.
 388. 403. 434. 419. 420. 379. 389. 381. 368. 338. 391. 373. 386. 376.
 361. 387. 415. 419. 411. 376. 394. 404. 392. 391. 392. 367. 377. 381.
 368. 377. 398. 381. 380. 389. 376. 395. 378. 410. 399. 378. 381. 387.
 382. 369. 374. 400. 405. 384. 412. 379. 391. 412. 428. 434. 406. 395.
 409. 385. 389. 404. 401. 394. 390. 389. 397. 387. 379. 413. 427. 347.
 401. 380. 387. 395. 389. 392. 390. 412. 386. 413. 403. 400. 367. 392.
 382. 377. 382. 399. 428. 386. 401. 423. 382. 417. 372. 436. 385. 391.
 386. 382. 384. 402. 397. 385. 388. 395. 400. 389. 387. 410. 411. 389.
 388. 426. 411. 406. 385. 394. 392. 408. 427. 430. 415. 399. 411. 375.
 398. 404. 397. 412. 412. 386. 368. 422. 386. 380. 378. 408. 370. 375.
 377. 422. 390. 402. 412. 375. 399. 408. 396. 413. 391. 406. 433. 400.
 409. 399. 413. 365. 373. 394. 383. 407. 385. 409. 378. 402. 387. 400.
 406. 387. 395. 409. 427. 403. 370. 410. 414. 424. 387. 363. 378. 412.
 414. 377. 376. 433. 400. 400. 372. 415. 368. 387. 384. 397. 398. 408.
 390. 346. 375. 382. 422. 405. 419. 427. 428. 437. 427. 429. 390. 406.
 404. 377. 371. 375. 380. 397. 385. 393. 385. 379. 361. 387. 394. 382.
 375. 408. 378. 375. 392. 389. 403. 400. 434. 384. 446. 409. 407. 380.
 400. 408. 388. 411. 390. 373. 421. 375. 390. 391. 443. 377. 409. 370.
 369. 425. 381. 382. 416. 401. 377. 424. 379. 388. 357. 373. 395. 386.
 376. 400. 370. 379. 395. 397. 412. 409. 407. 371. 409. 379. 386. 388.
 393. 410. 377. 385. 408. 378. 431. 417. 359. 405. 365. 394. 391. 416.
 359. 373. 388. 374. 395. 390.]
Number of failures in average : 396.1
Empirical Confidence Interval at 95.0% : (323.98,477.0)
Simulation time : 37.66 s
